


ARM Macro Assembler    Page 1 


    1 00000000         ;******************** (C) Yifeng ZHU *******************
                       ************************
    2 00000000         ; @file    startup_stm32l1xx_md.s
    3 00000000         ; @author  Yifeng Zhu
    4 00000000         ; @version V2.0.0
    5 00000000         ; @date    12-17-2014
    6 00000000         ; @note    
    7 00000000         ; @brief   This is a modified startup code to support As
                       sembly Programs without
    8 00000000         ;          using libraries. Key changes include:
    9 00000000         ;     (1) Remove the call of SystemInit()
   10 00000000         ;     (2) Add codes to initialize memory. 
   11 00000000         ;      Copy the Read/Write data section (RW) and the Zer
                       o Initialized 
   12 00000000         ;      section (ZI) from the flash to RAM
   13 00000000         ; @note
   14 00000000         ;           This code is for the book "Embedded Systems 
                       with ARM Cortex-M3 
   15 00000000         ;           Microcontrollers in Assembly Language and C,
                        Yifeng Zhu, 
   16 00000000         ;           ISBN-10: 0982692625.
   17 00000000         ; @attension
   18 00000000         ;           This code is provided for education purpose.
                        The author shall not be 
   19 00000000         ;           held liable for any direct, indirect or cons
                       equential damages, for any 
   20 00000000         ;           reason whatever. More information can be fou
                       nd from book website: 
   21 00000000         ;           http://www.eece.maine.edu/~zhu/book
   22 00000000         ;*******************************************************
                       ************************
   23 00000000         
   24 00000000         
   25 00000000         ;******************** (C) COPYRIGHT 2010 STMicroelectron
                       ics ********************
   26 00000000         ;* File Name          : startup_stm32l1xx_md.s
   27 00000000         ;* Author             : MCD Application Team
   28 00000000         ;* Version            : V1.0.0
   29 00000000         ;* Date               : 31-December-2010
   30 00000000         ;* Description        : STM32L1xx Ultra Low Power Medium
                       -density Devices vector 
   31 00000000         ;*                      table for MDK-ARM toolchain.
   32 00000000         ;*                      This module performs:
   33 00000000         ;*                      - Set the initial SP
   34 00000000         ;*                      - Set the initial PC == Reset_Ha
                       ndler
   35 00000000         ;*                      - Set the vector table entries w
                       ith the exceptions ISR address
   36 00000000         ;*                      - Branches to __main in the C li
                       brary (which eventually
   37 00000000         ;*                        calls main()).
   38 00000000         ;*                      After Reset the CortexM3 process
                       or is in Thread mode,
   39 00000000         ;*                      priority is Privileged, and the 
                       Stack is set to Main.
   40 00000000         ;* <<< Use Configuration Wizard in Context Menu >>>   
   41 00000000         ;*******************************************************
                       ************************
   42 00000000         ; THE PRESENT FIRMWARE WHICH IS FOR GUIDANCE ONLY AIMS A



ARM Macro Assembler    Page 2 


                       T PROVIDING CUSTOMERS
   43 00000000         ; WITH CODING INFORMATION REGARDING THEIR PRODUCTS IN OR
                       DER FOR THEM TO SAVE TIME.
   44 00000000         ; AS A RESULT, STMICROELECTRONICS SHALL NOT BE HELD LIAB
                       LE FOR ANY DIRECT,
   45 00000000         ; INDIRECT OR CONSEQUENTIAL DAMAGES WITH RESPECT TO ANY 
                       CLAIMS ARISING FROM THE
   46 00000000         ; CONTENT OF SUCH FIRMWARE AND/OR THE USE MADE BY CUSTOM
                       ERS OF THE CODING
   47 00000000         ; INFORMATION CONTAINED HEREIN IN CONNECTION WITH THEIR 
                       PRODUCTS.
   48 00000000         ;*******************************************************
                       ************************
   49 00000000         
   50 00000000         ; Amount of memory (in bytes) allocated for Stack
   51 00000000         ; Tailor this value to your application needs
   52 00000000         ; <h> Stack Configuration
   53 00000000         ;   <o> Stack Size (in Bytes) <0x0-0xFFFFFFFF:8>
   54 00000000         ; </h>
   55 00000000         
   56 00000000         ;******************** Added by Dr. Zhu *****************
                       ************************************
   57 00000000         ; ROM:  Symbols defined by the linker
   58 00000000                 IMPORT           |Load$$ER_IROM1$$Base| ; Entry 
                                                            of Bootloader
   59 00000000         
   60 00000000                 IMPORT           |Image$$ER_IROM1$$RO$$Base| ; S
                                                            tart of RO output s
                                                            ection
   61 00000000                 IMPORT           |Image$$ER_IROM1$$RO$$Limit| ; 
                                                            First byte beyond t
                                                            he end of RO output
                                                             section
   62 00000000                 IMPORT           |Image$$ER_IROM1$$RO$$Length| ;
                                                             Size of RO output 
                                                            section
   63 00000000         
   64 00000000                 IMPORT           |Image$$ER_IROM1$$RW$$Base|
   65 00000000                 IMPORT           |Image$$ER_IROM1$$RW$$Length|
   66 00000000                 IMPORT           |Image$$ER_IROM1$$RW$$Limit|
   67 00000000         
   68 00000000                 IMPORT           |Image$$ER_IROM1$$ZI$$Base|
   69 00000000                 IMPORT           |Image$$ER_IROM1$$ZI$$Length|
   70 00000000                 IMPORT           |Image$$ER_IROM1$$ZI$$Limit|
   71 00000000         
   72 00000000         ; RAM: Symbols defined by the linker
   73 00000000                 IMPORT           |Load$$RW_IRAM1$$Base| 
                                                            ; Load Address 
   74 00000000                 IMPORT           |Image$$RW_IRAM1$$Base| ; Start
                                                             of RW output secti
                                                            on
   75 00000000                 IMPORT           |Image$$RW_IRAM1$$Length|
   76 00000000                 IMPORT           |Image$$RW_IRAM1$$Limit|
   77 00000000         
   78 00000000                 IMPORT           |Image$$RW_IRAM1$$RO$$Base|
   79 00000000                 IMPORT           |Image$$RW_IRAM1$$RO$$Base|
   80 00000000                 IMPORT           |Image$$RW_IRAM1$$RO$$Length|
   81 00000000         
   82 00000000                 IMPORT           |Image$$RW_IRAM1$$RW$$Base| ; S



ARM Macro Assembler    Page 3 


                                                            tart of RW output s
                                                            ection
   83 00000000                 IMPORT           |Image$$RW_IRAM1$$RW$$Limit| ; 
                                                            End of RW output se
                                                            ction
   84 00000000                 IMPORT           |Image$$RW_IRAM1$$RW$$Length| ;
                                                             Size of RW output 
                                                            section
   85 00000000         
   86 00000000                 IMPORT           |Image$$RW_IRAM1$$ZI$$Base| ; S
                                                            tart of ZI output s
                                                            ection
   87 00000000                 IMPORT           |Image$$RW_IRAM1$$ZI$$Limit| ; 
                                                            End of ZI output se
                                                            ction
   88 00000000                 IMPORT           |Image$$RW_IRAM1$$ZI$$Length| ;
                                                             Size of ZI output 
                                                            section
   89 00000000         ;******************** END ******************************
                       ******************************************
   90 00000000         
   91 00000000         
   92 00000000 00000400 
                       Stack_Size
                               EQU              0x00000400
   93 00000000         
   94 00000000                 AREA             STACK, NOINIT, READWRITE, ALIGN
=3
   95 00000000         Stack_Mem
                               SPACE            Stack_Size
   96 00000400         __initial_sp
   97 00000400         
   98 00000400         
   99 00000400         ; <h> Heap Configuration
  100 00000400         ;   <o>  Heap Size (in Bytes) <0x0-0xFFFFFFFF:8>
  101 00000400         ; </h>
  102 00000400         
  103 00000400 00000200 
                       Heap_Size
                               EQU              0x00000200
  104 00000400         
  105 00000400                 AREA             HEAP, NOINIT, READWRITE, ALIGN=
3
  106 00000000         __heap_base
  107 00000000         Heap_Mem
                               SPACE            Heap_Size
  108 00000200         __heap_limit
  109 00000200         
  110 00000200                 PRESERVE8
  111 00000200                 THUMB
  112 00000200         
  113 00000200         
  114 00000200         ; Vector Table Mapped to Address 0 at Reset
  115 00000200                 AREA             RESET, DATA, READONLY
  116 00000000                 EXPORT           __Vectors
  117 00000000                 EXPORT           __Vectors_End
  118 00000000                 EXPORT           __Vectors_Size
  119 00000000         
  120 00000000 00000000 



ARM Macro Assembler    Page 4 


                       __Vectors
                               DCD              __initial_sp ; Top of Stack
  121 00000004 00000000        DCD              Reset_Handler ; Reset Handler
  122 00000008 00000000        DCD              NMI_Handler ; NMI Handler
  123 0000000C 00000000        DCD              HardFault_Handler ; Hard Fault 
                                                            Handler
  124 00000010 00000000        DCD              MemManage_Handler 
                                                            ; MPU Fault Handler
                                                            
  125 00000014 00000000        DCD              BusFault_Handler 
                                                            ; Bus Fault Handler
                                                            
  126 00000018 00000000        DCD              UsageFault_Handler ; Usage Faul
                                                            t Handler
  127 0000001C 00000000        DCD              0           ; Reserved
  128 00000020 00000000        DCD              0           ; Reserved
  129 00000024 00000000        DCD              0           ; Reserved
  130 00000028 00000000        DCD              0           ; Reserved
  131 0000002C 00000000        DCD              SVC_Handler ; SVCall Handler
  132 00000030 00000000        DCD              DebugMon_Handler ; Debug Monito
                                                            r Handler
  133 00000034 00000000        DCD              0           ; Reserved
  134 00000038 00000000        DCD              PendSV_Handler ; PendSV Handler
                                                            
  135 0000003C 00000000        DCD              SysTick_Handler 
                                                            ; SysTick Handler
  136 00000040         
  137 00000040         ; External Interrupts
  138 00000040 00000000        DCD              WWDG_IRQHandler 
                                                            ; Window Watchdog
  139 00000044 00000000        DCD              PVD_IRQHandler ; PVD through EX
                                                            TI Line detect
  140 00000048 00000000        DCD              TAMPER_STAMP_IRQHandler ; Tampe
                                                            r and Time Stamp
  141 0000004C 00000000        DCD              RTC_WKUP_IRQHandler 
                                                            ; RTC Wakeup
  142 00000050 00000000        DCD              FLASH_IRQHandler ; FLASH
  143 00000054 00000000        DCD              RCC_IRQHandler ; RCC
  144 00000058 00000000        DCD              EXTI0_IRQHandler ; EXTI Line 0
  145 0000005C 00000000        DCD              EXTI1_IRQHandler ; EXTI Line 1
  146 00000060 00000000        DCD              EXTI2_IRQHandler ; EXTI Line 2
  147 00000064 00000000        DCD              EXTI3_IRQHandler ; EXTI Line 3
  148 00000068 00000000        DCD              EXTI4_IRQHandler ; EXTI Line 4
  149 0000006C 00000000        DCD              DMA1_Channel1_IRQHandler 
                                                            ; DMA1 Channel 1
  150 00000070 00000000        DCD              DMA1_Channel2_IRQHandler 
                                                            ; DMA1 Channel 2
  151 00000074 00000000        DCD              DMA1_Channel3_IRQHandler 
                                                            ; DMA1 Channel 3
  152 00000078 00000000        DCD              DMA1_Channel4_IRQHandler 
                                                            ; DMA1 Channel 4
  153 0000007C 00000000        DCD              DMA1_Channel5_IRQHandler 
                                                            ; DMA1 Channel 5
  154 00000080 00000000        DCD              DMA1_Channel6_IRQHandler 
                                                            ; DMA1 Channel 6
  155 00000084 00000000        DCD              DMA1_Channel7_IRQHandler 
                                                            ; DMA1 Channel 7
  156 00000088 00000000        DCD              ADC1_IRQHandler ; ADC1
  157 0000008C 00000000        DCD              USB_HP_IRQHandler 



ARM Macro Assembler    Page 5 


                                                            ; USB High Priority
                                                            
  158 00000090 00000000        DCD              USB_LP_IRQHandler 
                                                            ; USB Low  Priority
                                                            
  159 00000094 00000000        DCD              DAC_IRQHandler ; DAC
  160 00000098 00000000        DCD              COMP_IRQHandler ; COMP through 
                                                            EXTI Line
  161 0000009C 00000000        DCD              EXTI9_5_IRQHandler 
                                                            ; EXTI Line 9..5
  162 000000A0 00000000        DCD              LCD_IRQHandler ; LCD
  163 000000A4 00000000        DCD              TIM9_IRQHandler ; TIM9
  164 000000A8 00000000        DCD              TIM10_IRQHandler ; TIM10
  165 000000AC 00000000        DCD              TIM11_IRQHandler ; TIM11
  166 000000B0 00000000        DCD              TIM2_IRQHandler ; TIM2
  167 000000B4 00000000        DCD              TIM3_IRQHandler ; TIM3
  168 000000B8 00000000        DCD              TIM4_IRQHandler ; TIM4
  169 000000BC 00000000        DCD              I2C1_EV_IRQHandler ; I2C1 Event
                                                            
  170 000000C0 00000000        DCD              I2C1_ER_IRQHandler ; I2C1 Error
                                                            
  171 000000C4 00000000        DCD              I2C2_EV_IRQHandler ; I2C2 Event
                                                            
  172 000000C8 00000000        DCD              I2C2_ER_IRQHandler ; I2C2 Error
                                                            
  173 000000CC 00000000        DCD              SPI1_IRQHandler ; SPI1
  174 000000D0 00000000        DCD              SPI2_IRQHandler ; SPI2
  175 000000D4 00000000        DCD              USART1_IRQHandler ; USART1
  176 000000D8 00000000        DCD              USART2_IRQHandler ; USART2
  177 000000DC 00000000        DCD              USART3_IRQHandler ; USART3
  178 000000E0 00000000        DCD              EXTI15_10_IRQHandler 
                                                            ; EXTI Line 15..10
  179 000000E4 00000000        DCD              RTC_Alarm_IRQHandler ; RTC Alar
                                                            m through EXTI Line
                                                            
  180 000000E8 00000000        DCD              USB_FS_WKUP_IRQHandler ; USB FS
                                                             Wakeup from suspen
                                                            d
  181 000000EC 00000000        DCD              TIM6_IRQHandler ; TIM6
  182 000000F0 00000000        DCD              TIM7_IRQHandler ; TIM7
  183 000000F4         __Vectors_End
  184 000000F4         
  185 000000F4 000000F4 
                       __Vectors_Size
                               EQU              __Vectors_End - __Vectors
  186 000000F4         
  187 000000F4                 AREA             |.text|, CODE, READONLY
  188 00000000         
  189 00000000         ; Reset handler routine
  190 00000000         Reset_Handler
                               PROC
  191 00000000                 EXPORT           Reset_Handler             [WEAK
]
  192 00000000                 IMPORT           __main
  193 00000000         
  194 00000000         ;******************** Removed by Dr. Zhu ***************
                       ************************************   
  195 00000000         ; IMPORT  SystemInit  
  196 00000000         ; LDR     R0, =SystemInit  ; Commented out by ZHU



ARM Macro Assembler    Page 6 


  197 00000000         ; BLX     R0               ; Commented out by ZHU
  198 00000000         
  199 00000000         ;******************** Added by Dr. Zhu *****************
                       ************************************
  200 00000000         ; Copy the RW Data from Flash to RAM 
  201 00000000 4811            LDR              r0, =|Image$$ER_IROM1$$RO$$Limi
t|
  202 00000002 4912            LDR              r1, =|Image$$RW_IRAM1$$RW$$Base
|
  203 00000004 4B12            LDR              r3, =|Image$$RW_IRAM1$$ZI$$Base
|
  204 00000006 4299    Copy_RW CMP              r1, r3
  205 00000008 BF3C F850 
              2B04             LDRCC            r2, [r0], #4
  206 0000000E F841 2B04       STRCC            r2, [r1], #4
  207 00000012 D3F8            BCC              Copy_RW
  208 00000014         
  209 00000014         ; Copy the ZI Data from Flash to RAM
  210 00000014 490F            LDR              r1, =|Image$$RW_IRAM1$$ZI$$Limi
t|
  211 00000016 F04F 0200       MOV              r2, #0
  212 0000001A 428B    Initialize_ZI
                               CMP              r3, r1
  213 0000001C BF38 F843 
              2B04             STRCC            r2, [r3], #4
  214 00000022 D3FA            BCC              Initialize_ZI
  215 00000024         ;******************** END ******************************
                       **************************************
  216 00000024         
  217 00000024 480C            LDR              R0, =__main
  218 00000026 4700            BX               R0
  219 00000028                 ENDP
  220 00000028         
  221 00000028         ; Dummy Exception Handlers (infinite loops which can be 
                       modified)
  222 00000028         
  223 00000028         NMI_Handler
                               PROC
  224 00000028                 EXPORT           NMI_Handler                [WEA
K]
  225 00000028 E7FE            B                .
  226 0000002A                 ENDP
  228 0000002A         HardFault_Handler
                               PROC
  229 0000002A                 EXPORT           HardFault_Handler          [WEA
K]
  230 0000002A E7FE            B                .
  231 0000002C                 ENDP
  233 0000002C         MemManage_Handler
                               PROC
  234 0000002C                 EXPORT           MemManage_Handler          [WEA
K]
  235 0000002C E7FE            B                .
  236 0000002E                 ENDP
  238 0000002E         BusFault_Handler
                               PROC
  239 0000002E                 EXPORT           BusFault_Handler           [WEA
K]
  240 0000002E E7FE            B                .



ARM Macro Assembler    Page 7 


  241 00000030                 ENDP
  243 00000030         UsageFault_Handler
                               PROC
  244 00000030                 EXPORT           UsageFault_Handler         [WEA
K]
  245 00000030 E7FE            B                .
  246 00000032                 ENDP
  247 00000032         SVC_Handler
                               PROC
  248 00000032                 EXPORT           SVC_Handler                [WEA
K]
  249 00000032 E7FE            B                .
  250 00000034                 ENDP
  252 00000034         DebugMon_Handler
                               PROC
  253 00000034                 EXPORT           DebugMon_Handler           [WEA
K]
  254 00000034 E7FE            B                .
  255 00000036                 ENDP
  256 00000036         PendSV_Handler
                               PROC
  257 00000036                 EXPORT           PendSV_Handler             [WEA
K]
  258 00000036 E7FE            B                .
  259 00000038                 ENDP
  260 00000038         SysTick_Handler
                               PROC
  261 00000038                 EXPORT           SysTick_Handler            [WEA
K]
  262 00000038 E7FE            B                .
  263 0000003A                 ENDP
  264 0000003A         
  265 0000003A         Default_Handler
                               PROC
  266 0000003A         
  267 0000003A                 EXPORT           WWDG_IRQHandler            [WEA
K]
  268 0000003A                 EXPORT           PVD_IRQHandler             [WEA
K]
  269 0000003A                 EXPORT           TAMPER_STAMP_IRQHandler    [WEA
K]
  270 0000003A                 EXPORT           RTC_WKUP_IRQHandler        [WEA
K]
  271 0000003A                 EXPORT           FLASH_IRQHandler           [WEA
K]
  272 0000003A                 EXPORT           RCC_IRQHandler             [WEA
K]
  273 0000003A                 EXPORT           EXTI0_IRQHandler           [WEA
K]
  274 0000003A                 EXPORT           EXTI1_IRQHandler           [WEA
K]
  275 0000003A                 EXPORT           EXTI2_IRQHandler           [WEA
K]
  276 0000003A                 EXPORT           EXTI3_IRQHandler           [WEA
K]
  277 0000003A                 EXPORT           EXTI4_IRQHandler           [WEA
K]
  278 0000003A                 EXPORT           DMA1_Channel1_IRQHandler   [WEA
K]



ARM Macro Assembler    Page 8 


  279 0000003A                 EXPORT           DMA1_Channel2_IRQHandler   [WEA
K]
  280 0000003A                 EXPORT           DMA1_Channel3_IRQHandler   [WEA
K]
  281 0000003A                 EXPORT           DMA1_Channel4_IRQHandler   [WEA
K]
  282 0000003A                 EXPORT           DMA1_Channel5_IRQHandler   [WEA
K]
  283 0000003A                 EXPORT           DMA1_Channel6_IRQHandler   [WEA
K]
  284 0000003A                 EXPORT           DMA1_Channel7_IRQHandler   [WEA
K]
  285 0000003A                 EXPORT           ADC1_IRQHandler            [WEA
K]
  286 0000003A                 EXPORT           USB_HP_IRQHandler          [WEA
K]
  287 0000003A                 EXPORT           USB_LP_IRQHandler          [WEA
K]
  288 0000003A                 EXPORT           DAC_IRQHandler             [WEA
K]
  289 0000003A                 EXPORT           COMP_IRQHandler            [WEA
K]
  290 0000003A                 EXPORT           EXTI9_5_IRQHandler         [WEA
K]
  291 0000003A                 EXPORT           LCD_IRQHandler             [WEA
K]
  292 0000003A                 EXPORT           TIM9_IRQHandler            [WEA
K]
  293 0000003A                 EXPORT           TIM10_IRQHandler           [WEA
K]
  294 0000003A                 EXPORT           TIM11_IRQHandler           [WEA
K]
  295 0000003A                 EXPORT           TIM2_IRQHandler            [WEA
K]
  296 0000003A                 EXPORT           TIM3_IRQHandler            [WEA
K]
  297 0000003A                 EXPORT           TIM4_IRQHandler            [WEA
K]
  298 0000003A                 EXPORT           I2C1_EV_IRQHandler         [WEA
K]
  299 0000003A                 EXPORT           I2C1_ER_IRQHandler         [WEA
K]
  300 0000003A                 EXPORT           I2C2_EV_IRQHandler         [WEA
K]
  301 0000003A                 EXPORT           I2C2_ER_IRQHandler         [WEA
K]
  302 0000003A                 EXPORT           SPI1_IRQHandler            [WEA
K]
  303 0000003A                 EXPORT           SPI2_IRQHandler            [WEA
K]
  304 0000003A                 EXPORT           USART1_IRQHandler          [WEA
K]
  305 0000003A                 EXPORT           USART2_IRQHandler          [WEA
K]
  306 0000003A                 EXPORT           USART3_IRQHandler          [WEA
K]
  307 0000003A                 EXPORT           EXTI15_10_IRQHandler       [WEA
K]
  308 0000003A                 EXPORT           RTC_Alarm_IRQHandler       [WEA



ARM Macro Assembler    Page 9 


K]
  309 0000003A                 EXPORT           USB_FS_WKUP_IRQHandler     [WEA
K]
  310 0000003A                 EXPORT           TIM6_IRQHandler            [WEA
K]
  311 0000003A                 EXPORT           TIM7_IRQHandler            [WEA
K]
  312 0000003A         
  313 0000003A         WWDG_IRQHandler
  314 0000003A         PVD_IRQHandler
  315 0000003A         TAMPER_STAMP_IRQHandler
  316 0000003A         RTC_WKUP_IRQHandler
  317 0000003A         FLASH_IRQHandler
  318 0000003A         RCC_IRQHandler
  319 0000003A         EXTI0_IRQHandler
  320 0000003A         EXTI1_IRQHandler
  321 0000003A         EXTI2_IRQHandler
  322 0000003A         EXTI3_IRQHandler
  323 0000003A         EXTI4_IRQHandler
  324 0000003A         DMA1_Channel1_IRQHandler
  325 0000003A         DMA1_Channel2_IRQHandler
  326 0000003A         DMA1_Channel3_IRQHandler
  327 0000003A         DMA1_Channel4_IRQHandler
  328 0000003A         DMA1_Channel5_IRQHandler
  329 0000003A         DMA1_Channel6_IRQHandler
  330 0000003A         DMA1_Channel7_IRQHandler
  331 0000003A         ADC1_IRQHandler
  332 0000003A         USB_HP_IRQHandler
  333 0000003A         USB_LP_IRQHandler
  334 0000003A         DAC_IRQHandler
  335 0000003A         COMP_IRQHandler
  336 0000003A         EXTI9_5_IRQHandler
  337 0000003A         LCD_IRQHandler
  338 0000003A         TIM9_IRQHandler
  339 0000003A         TIM10_IRQHandler
  340 0000003A         TIM11_IRQHandler
  341 0000003A         TIM2_IRQHandler
  342 0000003A         TIM3_IRQHandler
  343 0000003A         TIM4_IRQHandler
  344 0000003A         I2C1_EV_IRQHandler
  345 0000003A         I2C1_ER_IRQHandler
  346 0000003A         I2C2_EV_IRQHandler
  347 0000003A         I2C2_ER_IRQHandler
  348 0000003A         SPI1_IRQHandler
  349 0000003A         SPI2_IRQHandler
  350 0000003A         USART1_IRQHandler
  351 0000003A         USART2_IRQHandler
  352 0000003A         USART3_IRQHandler
  353 0000003A         EXTI15_10_IRQHandler
  354 0000003A         RTC_Alarm_IRQHandler
  355 0000003A         USB_FS_WKUP_IRQHandler
  356 0000003A         TIM6_IRQHandler
  357 0000003A         TIM7_IRQHandler
  358 0000003A         
  359 0000003A E7FE            B                .
  360 0000003C         
  361 0000003C                 ENDP
  362 0000003C         
  363 0000003C                 ALIGN



ARM Macro Assembler    Page 10 


  364 0000003C         
  365 0000003C         ;*******************************************************
                       ************************
  366 0000003C         ; User Stack and Heap initialization
  367 0000003C         ;*******************************************************
                       ************************
  368 0000003C                 IF               :DEF:__MICROLIB
  375 0000003C         
  376 0000003C         ;                 IMPORT  __use_two_region_memory       
                            ; Commented out by Zhu
  377 0000003C         ; __use_two_region_memory, two regions in the scatter fi
                       le, 
  378 0000003C         ; one for the heap and one for the stack
  379 0000003C                 EXPORT           __user_initial_stackheap
  380 0000003C         
  381 0000003C         __user_initial_stackheap
  382 0000003C         
  383 0000003C 4807            LDR              R0, =  Heap_Mem
  384 0000003E 4908            LDR              R1, =(Stack_Mem + Stack_Size)
  385 00000040 4A08            LDR              R2, = (Heap_Mem +  Heap_Size)
  386 00000042 4B09            LDR              R3, = Stack_Mem
  387 00000044 4770            BX               LR
  388 00000046         
  389 00000046 00 00           ALIGN
  390 00000048         
  391 00000048                 ENDIF
  392 00000048         
  393 00000048                 END
              00000000 
              00000000 
              00000000 
              00000000 
              00000000 
              00000000 
              00000400 
              00000200 
              00000000 
Command Line: --debug --xref --diag_suppress=9931 --cpu=Cortex-M3 --apcs=interw
ork --depend=.\objects\startup_stm32l1xx_md.d -o.\objects\startup_stm32l1xx_md.
o -I.\RTE\_Target_1 -IE:\Keil_ARM\Pack\ARM\CMSIS\5.2.0\CMSIS\Include -IE:\Keil_
ARM\Pack\Keil\STM32L1xx_DFP\1.2.0\Device\Include --predefine="__EVAL SETA 1" --
predefine="__UVISION_VERSION SETA 524" --predefine="_RTE_ SETA 1" --predefine="
STM32L152xC SETA 1" --list=.\listings\startup_stm32l1xx_md.lst startup_stm32l1x
x_md.s



ARM Macro Assembler    Page 1 Alphabetic symbol ordering
Relocatable symbols

STACK 00000000

Symbol: STACK
   Definitions
      At line 94 in file startup_stm32l1xx_md.s
   Uses
      None
Comment: STACK unused
Stack_Mem 00000000

Symbol: Stack_Mem
   Definitions
      At line 95 in file startup_stm32l1xx_md.s
   Uses
      At line 384 in file startup_stm32l1xx_md.s
      At line 386 in file startup_stm32l1xx_md.s

__initial_sp 00000400

Symbol: __initial_sp
   Definitions
      At line 96 in file startup_stm32l1xx_md.s
   Uses
      At line 120 in file startup_stm32l1xx_md.s
Comment: __initial_sp used once
3 symbols



ARM Macro Assembler    Page 1 Alphabetic symbol ordering
Relocatable symbols

HEAP 00000000

Symbol: HEAP
   Definitions
      At line 105 in file startup_stm32l1xx_md.s
   Uses
      None
Comment: HEAP unused
Heap_Mem 00000000

Symbol: Heap_Mem
   Definitions
      At line 107 in file startup_stm32l1xx_md.s
   Uses
      At line 383 in file startup_stm32l1xx_md.s
      At line 385 in file startup_stm32l1xx_md.s

__heap_base 00000000

Symbol: __heap_base
   Definitions
      At line 106 in file startup_stm32l1xx_md.s
   Uses
      None
Comment: __heap_base unused
__heap_limit 00000200

Symbol: __heap_limit
   Definitions
      At line 108 in file startup_stm32l1xx_md.s
   Uses
      None
Comment: __heap_limit unused
4 symbols



ARM Macro Assembler    Page 1 Alphabetic symbol ordering
Relocatable symbols

RESET 00000000

Symbol: RESET
   Definitions
      At line 115 in file startup_stm32l1xx_md.s
   Uses
      None
Comment: RESET unused
__Vectors 00000000

Symbol: __Vectors
   Definitions
      At line 120 in file startup_stm32l1xx_md.s
   Uses
      At line 116 in file startup_stm32l1xx_md.s
      At line 185 in file startup_stm32l1xx_md.s

__Vectors_End 000000F4

Symbol: __Vectors_End
   Definitions
      At line 183 in file startup_stm32l1xx_md.s
   Uses
      At line 117 in file startup_stm32l1xx_md.s
      At line 185 in file startup_stm32l1xx_md.s

3 symbols



ARM Macro Assembler    Page 1 Alphabetic symbol ordering
Relocatable symbols

.text 00000000

Symbol: .text
   Definitions
      At line 187 in file startup_stm32l1xx_md.s
   Uses
      None
Comment: .text unused
ADC1_IRQHandler 0000003A

Symbol: ADC1_IRQHandler
   Definitions
      At line 331 in file startup_stm32l1xx_md.s
   Uses
      At line 156 in file startup_stm32l1xx_md.s
      At line 285 in file startup_stm32l1xx_md.s

BusFault_Handler 0000002E

Symbol: BusFault_Handler
   Definitions
      At line 238 in file startup_stm32l1xx_md.s
   Uses
      At line 125 in file startup_stm32l1xx_md.s
      At line 239 in file startup_stm32l1xx_md.s

COMP_IRQHandler 0000003A

Symbol: COMP_IRQHandler
   Definitions
      At line 335 in file startup_stm32l1xx_md.s
   Uses
      At line 160 in file startup_stm32l1xx_md.s
      At line 289 in file startup_stm32l1xx_md.s

Copy_RW 00000006

Symbol: Copy_RW
   Definitions
      At line 204 in file startup_stm32l1xx_md.s
   Uses
      At line 207 in file startup_stm32l1xx_md.s
Comment: Copy_RW used once
DAC_IRQHandler 0000003A

Symbol: DAC_IRQHandler
   Definitions
      At line 334 in file startup_stm32l1xx_md.s
   Uses
      At line 159 in file startup_stm32l1xx_md.s
      At line 288 in file startup_stm32l1xx_md.s

DMA1_Channel1_IRQHandler 0000003A

Symbol: DMA1_Channel1_IRQHandler
   Definitions
      At line 324 in file startup_stm32l1xx_md.s
   Uses
      At line 149 in file startup_stm32l1xx_md.s



ARM Macro Assembler    Page 2 Alphabetic symbol ordering
Relocatable symbols

      At line 278 in file startup_stm32l1xx_md.s

DMA1_Channel2_IRQHandler 0000003A

Symbol: DMA1_Channel2_IRQHandler
   Definitions
      At line 325 in file startup_stm32l1xx_md.s
   Uses
      At line 150 in file startup_stm32l1xx_md.s
      At line 279 in file startup_stm32l1xx_md.s

DMA1_Channel3_IRQHandler 0000003A

Symbol: DMA1_Channel3_IRQHandler
   Definitions
      At line 326 in file startup_stm32l1xx_md.s
   Uses
      At line 151 in file startup_stm32l1xx_md.s
      At line 280 in file startup_stm32l1xx_md.s

DMA1_Channel4_IRQHandler 0000003A

Symbol: DMA1_Channel4_IRQHandler
   Definitions
      At line 327 in file startup_stm32l1xx_md.s
   Uses
      At line 152 in file startup_stm32l1xx_md.s
      At line 281 in file startup_stm32l1xx_md.s

DMA1_Channel5_IRQHandler 0000003A

Symbol: DMA1_Channel5_IRQHandler
   Definitions
      At line 328 in file startup_stm32l1xx_md.s
   Uses
      At line 153 in file startup_stm32l1xx_md.s
      At line 282 in file startup_stm32l1xx_md.s

DMA1_Channel6_IRQHandler 0000003A

Symbol: DMA1_Channel6_IRQHandler
   Definitions
      At line 329 in file startup_stm32l1xx_md.s
   Uses
      At line 154 in file startup_stm32l1xx_md.s
      At line 283 in file startup_stm32l1xx_md.s

DMA1_Channel7_IRQHandler 0000003A

Symbol: DMA1_Channel7_IRQHandler
   Definitions
      At line 330 in file startup_stm32l1xx_md.s
   Uses
      At line 155 in file startup_stm32l1xx_md.s
      At line 284 in file startup_stm32l1xx_md.s

DebugMon_Handler 00000034

Symbol: DebugMon_Handler



ARM Macro Assembler    Page 3 Alphabetic symbol ordering
Relocatable symbols

   Definitions
      At line 252 in file startup_stm32l1xx_md.s
   Uses
      At line 132 in file startup_stm32l1xx_md.s
      At line 253 in file startup_stm32l1xx_md.s

Default_Handler 0000003A

Symbol: Default_Handler
   Definitions
      At line 265 in file startup_stm32l1xx_md.s
   Uses
      None
Comment: Default_Handler unused
EXTI0_IRQHandler 0000003A

Symbol: EXTI0_IRQHandler
   Definitions
      At line 319 in file startup_stm32l1xx_md.s
   Uses
      At line 144 in file startup_stm32l1xx_md.s
      At line 273 in file startup_stm32l1xx_md.s

EXTI15_10_IRQHandler 0000003A

Symbol: EXTI15_10_IRQHandler
   Definitions
      At line 353 in file startup_stm32l1xx_md.s
   Uses
      At line 178 in file startup_stm32l1xx_md.s
      At line 307 in file startup_stm32l1xx_md.s

EXTI1_IRQHandler 0000003A

Symbol: EXTI1_IRQHandler
   Definitions
      At line 320 in file startup_stm32l1xx_md.s
   Uses
      At line 145 in file startup_stm32l1xx_md.s
      At line 274 in file startup_stm32l1xx_md.s

EXTI2_IRQHandler 0000003A

Symbol: EXTI2_IRQHandler
   Definitions
      At line 321 in file startup_stm32l1xx_md.s
   Uses
      At line 146 in file startup_stm32l1xx_md.s
      At line 275 in file startup_stm32l1xx_md.s

EXTI3_IRQHandler 0000003A

Symbol: EXTI3_IRQHandler
   Definitions
      At line 322 in file startup_stm32l1xx_md.s
   Uses
      At line 147 in file startup_stm32l1xx_md.s
      At line 276 in file startup_stm32l1xx_md.s




ARM Macro Assembler    Page 4 Alphabetic symbol ordering
Relocatable symbols

EXTI4_IRQHandler 0000003A

Symbol: EXTI4_IRQHandler
   Definitions
      At line 323 in file startup_stm32l1xx_md.s
   Uses
      At line 148 in file startup_stm32l1xx_md.s
      At line 277 in file startup_stm32l1xx_md.s

EXTI9_5_IRQHandler 0000003A

Symbol: EXTI9_5_IRQHandler
   Definitions
      At line 336 in file startup_stm32l1xx_md.s
   Uses
      At line 161 in file startup_stm32l1xx_md.s
      At line 290 in file startup_stm32l1xx_md.s

FLASH_IRQHandler 0000003A

Symbol: FLASH_IRQHandler
   Definitions
      At line 317 in file startup_stm32l1xx_md.s
   Uses
      At line 142 in file startup_stm32l1xx_md.s
      At line 271 in file startup_stm32l1xx_md.s

HardFault_Handler 0000002A

Symbol: HardFault_Handler
   Definitions
      At line 228 in file startup_stm32l1xx_md.s
   Uses
      At line 123 in file startup_stm32l1xx_md.s
      At line 229 in file startup_stm32l1xx_md.s

I2C1_ER_IRQHandler 0000003A

Symbol: I2C1_ER_IRQHandler
   Definitions
      At line 345 in file startup_stm32l1xx_md.s
   Uses
      At line 170 in file startup_stm32l1xx_md.s
      At line 299 in file startup_stm32l1xx_md.s

I2C1_EV_IRQHandler 0000003A

Symbol: I2C1_EV_IRQHandler
   Definitions
      At line 344 in file startup_stm32l1xx_md.s
   Uses
      At line 169 in file startup_stm32l1xx_md.s
      At line 298 in file startup_stm32l1xx_md.s

I2C2_ER_IRQHandler 0000003A

Symbol: I2C2_ER_IRQHandler
   Definitions
      At line 347 in file startup_stm32l1xx_md.s



ARM Macro Assembler    Page 5 Alphabetic symbol ordering
Relocatable symbols

   Uses
      At line 172 in file startup_stm32l1xx_md.s
      At line 301 in file startup_stm32l1xx_md.s

I2C2_EV_IRQHandler 0000003A

Symbol: I2C2_EV_IRQHandler
   Definitions
      At line 346 in file startup_stm32l1xx_md.s
   Uses
      At line 171 in file startup_stm32l1xx_md.s
      At line 300 in file startup_stm32l1xx_md.s

Initialize_ZI 0000001A

Symbol: Initialize_ZI
   Definitions
      At line 212 in file startup_stm32l1xx_md.s
   Uses
      At line 214 in file startup_stm32l1xx_md.s
Comment: Initialize_ZI used once
LCD_IRQHandler 0000003A

Symbol: LCD_IRQHandler
   Definitions
      At line 337 in file startup_stm32l1xx_md.s
   Uses
      At line 162 in file startup_stm32l1xx_md.s
      At line 291 in file startup_stm32l1xx_md.s

MemManage_Handler 0000002C

Symbol: MemManage_Handler
   Definitions
      At line 233 in file startup_stm32l1xx_md.s
   Uses
      At line 124 in file startup_stm32l1xx_md.s
      At line 234 in file startup_stm32l1xx_md.s

NMI_Handler 00000028

Symbol: NMI_Handler
   Definitions
      At line 223 in file startup_stm32l1xx_md.s
   Uses
      At line 122 in file startup_stm32l1xx_md.s
      At line 224 in file startup_stm32l1xx_md.s

PVD_IRQHandler 0000003A

Symbol: PVD_IRQHandler
   Definitions
      At line 314 in file startup_stm32l1xx_md.s
   Uses
      At line 139 in file startup_stm32l1xx_md.s
      At line 268 in file startup_stm32l1xx_md.s

PendSV_Handler 00000036




ARM Macro Assembler    Page 6 Alphabetic symbol ordering
Relocatable symbols

Symbol: PendSV_Handler
   Definitions
      At line 256 in file startup_stm32l1xx_md.s
   Uses
      At line 134 in file startup_stm32l1xx_md.s
      At line 257 in file startup_stm32l1xx_md.s

RCC_IRQHandler 0000003A

Symbol: RCC_IRQHandler
   Definitions
      At line 318 in file startup_stm32l1xx_md.s
   Uses
      At line 143 in file startup_stm32l1xx_md.s
      At line 272 in file startup_stm32l1xx_md.s

RTC_Alarm_IRQHandler 0000003A

Symbol: RTC_Alarm_IRQHandler
   Definitions
      At line 354 in file startup_stm32l1xx_md.s
   Uses
      At line 179 in file startup_stm32l1xx_md.s
      At line 308 in file startup_stm32l1xx_md.s

RTC_WKUP_IRQHandler 0000003A

Symbol: RTC_WKUP_IRQHandler
   Definitions
      At line 316 in file startup_stm32l1xx_md.s
   Uses
      At line 141 in file startup_stm32l1xx_md.s
      At line 270 in file startup_stm32l1xx_md.s

Reset_Handler 00000000

Symbol: Reset_Handler
   Definitions
      At line 190 in file startup_stm32l1xx_md.s
   Uses
      At line 121 in file startup_stm32l1xx_md.s
      At line 191 in file startup_stm32l1xx_md.s

SPI1_IRQHandler 0000003A

Symbol: SPI1_IRQHandler
   Definitions
      At line 348 in file startup_stm32l1xx_md.s
   Uses
      At line 173 in file startup_stm32l1xx_md.s
      At line 302 in file startup_stm32l1xx_md.s

SPI2_IRQHandler 0000003A

Symbol: SPI2_IRQHandler
   Definitions
      At line 349 in file startup_stm32l1xx_md.s
   Uses
      At line 174 in file startup_stm32l1xx_md.s



ARM Macro Assembler    Page 7 Alphabetic symbol ordering
Relocatable symbols

      At line 303 in file startup_stm32l1xx_md.s

SVC_Handler 00000032

Symbol: SVC_Handler
   Definitions
      At line 247 in file startup_stm32l1xx_md.s
   Uses
      At line 131 in file startup_stm32l1xx_md.s
      At line 248 in file startup_stm32l1xx_md.s

SysTick_Handler 00000038

Symbol: SysTick_Handler
   Definitions
      At line 260 in file startup_stm32l1xx_md.s
   Uses
      At line 135 in file startup_stm32l1xx_md.s
      At line 261 in file startup_stm32l1xx_md.s

TAMPER_STAMP_IRQHandler 0000003A

Symbol: TAMPER_STAMP_IRQHandler
   Definitions
      At line 315 in file startup_stm32l1xx_md.s
   Uses
      At line 140 in file startup_stm32l1xx_md.s
      At line 269 in file startup_stm32l1xx_md.s

TIM10_IRQHandler 0000003A

Symbol: TIM10_IRQHandler
   Definitions
      At line 339 in file startup_stm32l1xx_md.s
   Uses
      At line 164 in file startup_stm32l1xx_md.s
      At line 293 in file startup_stm32l1xx_md.s

TIM11_IRQHandler 0000003A

Symbol: TIM11_IRQHandler
   Definitions
      At line 340 in file startup_stm32l1xx_md.s
   Uses
      At line 165 in file startup_stm32l1xx_md.s
      At line 294 in file startup_stm32l1xx_md.s

TIM2_IRQHandler 0000003A

Symbol: TIM2_IRQHandler
   Definitions
      At line 341 in file startup_stm32l1xx_md.s
   Uses
      At line 166 in file startup_stm32l1xx_md.s
      At line 295 in file startup_stm32l1xx_md.s

TIM3_IRQHandler 0000003A

Symbol: TIM3_IRQHandler



ARM Macro Assembler    Page 8 Alphabetic symbol ordering
Relocatable symbols

   Definitions
      At line 342 in file startup_stm32l1xx_md.s
   Uses
      At line 167 in file startup_stm32l1xx_md.s
      At line 296 in file startup_stm32l1xx_md.s

TIM4_IRQHandler 0000003A

Symbol: TIM4_IRQHandler
   Definitions
      At line 343 in file startup_stm32l1xx_md.s
   Uses
      At line 168 in file startup_stm32l1xx_md.s
      At line 297 in file startup_stm32l1xx_md.s

TIM6_IRQHandler 0000003A

Symbol: TIM6_IRQHandler
   Definitions
      At line 356 in file startup_stm32l1xx_md.s
   Uses
      At line 181 in file startup_stm32l1xx_md.s
      At line 310 in file startup_stm32l1xx_md.s

TIM7_IRQHandler 0000003A

Symbol: TIM7_IRQHandler
   Definitions
      At line 357 in file startup_stm32l1xx_md.s
   Uses
      At line 182 in file startup_stm32l1xx_md.s
      At line 311 in file startup_stm32l1xx_md.s

TIM9_IRQHandler 0000003A

Symbol: TIM9_IRQHandler
   Definitions
      At line 338 in file startup_stm32l1xx_md.s
   Uses
      At line 163 in file startup_stm32l1xx_md.s
      At line 292 in file startup_stm32l1xx_md.s

USART1_IRQHandler 0000003A

Symbol: USART1_IRQHandler
   Definitions
      At line 350 in file startup_stm32l1xx_md.s
   Uses
      At line 175 in file startup_stm32l1xx_md.s
      At line 304 in file startup_stm32l1xx_md.s

USART2_IRQHandler 0000003A

Symbol: USART2_IRQHandler
   Definitions
      At line 351 in file startup_stm32l1xx_md.s
   Uses
      At line 176 in file startup_stm32l1xx_md.s
      At line 305 in file startup_stm32l1xx_md.s



ARM Macro Assembler    Page 9 Alphabetic symbol ordering
Relocatable symbols


USART3_IRQHandler 0000003A

Symbol: USART3_IRQHandler
   Definitions
      At line 352 in file startup_stm32l1xx_md.s
   Uses
      At line 177 in file startup_stm32l1xx_md.s
      At line 306 in file startup_stm32l1xx_md.s

USB_FS_WKUP_IRQHandler 0000003A

Symbol: USB_FS_WKUP_IRQHandler
   Definitions
      At line 355 in file startup_stm32l1xx_md.s
   Uses
      At line 180 in file startup_stm32l1xx_md.s
      At line 309 in file startup_stm32l1xx_md.s

USB_HP_IRQHandler 0000003A

Symbol: USB_HP_IRQHandler
   Definitions
      At line 332 in file startup_stm32l1xx_md.s
   Uses
      At line 157 in file startup_stm32l1xx_md.s
      At line 286 in file startup_stm32l1xx_md.s

USB_LP_IRQHandler 0000003A

Symbol: USB_LP_IRQHandler
   Definitions
      At line 333 in file startup_stm32l1xx_md.s
   Uses
      At line 158 in file startup_stm32l1xx_md.s
      At line 287 in file startup_stm32l1xx_md.s

UsageFault_Handler 00000030

Symbol: UsageFault_Handler
   Definitions
      At line 243 in file startup_stm32l1xx_md.s
   Uses
      At line 126 in file startup_stm32l1xx_md.s
      At line 244 in file startup_stm32l1xx_md.s

WWDG_IRQHandler 0000003A

Symbol: WWDG_IRQHandler
   Definitions
      At line 313 in file startup_stm32l1xx_md.s
   Uses
      At line 138 in file startup_stm32l1xx_md.s
      At line 267 in file startup_stm32l1xx_md.s

__user_initial_stackheap 0000003C

Symbol: __user_initial_stackheap
   Definitions



ARM Macro Assembler    Page 10 Alphabetic symbol ordering
Relocatable symbols

      At line 381 in file startup_stm32l1xx_md.s
   Uses
      At line 379 in file startup_stm32l1xx_md.s
Comment: __user_initial_stackheap used once
60 symbols



ARM Macro Assembler    Page 1 Alphabetic symbol ordering
Absolute symbols

Heap_Size 00000200

Symbol: Heap_Size
   Definitions
      At line 103 in file startup_stm32l1xx_md.s
   Uses
      At line 107 in file startup_stm32l1xx_md.s
      At line 385 in file startup_stm32l1xx_md.s

Stack_Size 00000400

Symbol: Stack_Size
   Definitions
      At line 92 in file startup_stm32l1xx_md.s
   Uses
      At line 95 in file startup_stm32l1xx_md.s
      At line 384 in file startup_stm32l1xx_md.s

__Vectors_Size 000000F4

Symbol: __Vectors_Size
   Definitions
      At line 185 in file startup_stm32l1xx_md.s
   Uses
      At line 118 in file startup_stm32l1xx_md.s
Comment: __Vectors_Size used once
3 symbols



ARM Macro Assembler    Page 1 Alphabetic symbol ordering
External symbols

Image$$ER_IROM1$$RO$$Base 00000000

Symbol: Image$$ER_IROM1$$RO$$Base
   Definitions
      At line 60 in file startup_stm32l1xx_md.s
   Uses
      None
Comment: Image$$ER_IROM1$$RO$$Base unused
Image$$ER_IROM1$$RO$$Length 00000000

Symbol: Image$$ER_IROM1$$RO$$Length
   Definitions
      At line 62 in file startup_stm32l1xx_md.s
   Uses
      None
Comment: Image$$ER_IROM1$$RO$$Length unused
Image$$ER_IROM1$$RO$$Limit 00000000

Symbol: Image$$ER_IROM1$$RO$$Limit
   Definitions
      At line 61 in file startup_stm32l1xx_md.s
   Uses
      At line 201 in file startup_stm32l1xx_md.s
Comment: Image$$ER_IROM1$$RO$$Limit used once
Image$$ER_IROM1$$RW$$Base 00000000

Symbol: Image$$ER_IROM1$$RW$$Base
   Definitions
      At line 64 in file startup_stm32l1xx_md.s
   Uses
      None
Comment: Image$$ER_IROM1$$RW$$Base unused
Image$$ER_IROM1$$RW$$Length 00000000

Symbol: Image$$ER_IROM1$$RW$$Length
   Definitions
      At line 65 in file startup_stm32l1xx_md.s
   Uses
      None
Comment: Image$$ER_IROM1$$RW$$Length unused
Image$$ER_IROM1$$RW$$Limit 00000000

Symbol: Image$$ER_IROM1$$RW$$Limit
   Definitions
      At line 66 in file startup_stm32l1xx_md.s
   Uses
      None
Comment: Image$$ER_IROM1$$RW$$Limit unused
Image$$ER_IROM1$$ZI$$Base 00000000

Symbol: Image$$ER_IROM1$$ZI$$Base
   Definitions
      At line 68 in file startup_stm32l1xx_md.s
   Uses
      None
Comment: Image$$ER_IROM1$$ZI$$Base unused
Image$$ER_IROM1$$ZI$$Length 00000000

Symbol: Image$$ER_IROM1$$ZI$$Length



ARM Macro Assembler    Page 2 Alphabetic symbol ordering
External symbols

   Definitions
      At line 69 in file startup_stm32l1xx_md.s
   Uses
      None
Comment: Image$$ER_IROM1$$ZI$$Length unused
Image$$ER_IROM1$$ZI$$Limit 00000000

Symbol: Image$$ER_IROM1$$ZI$$Limit
   Definitions
      At line 70 in file startup_stm32l1xx_md.s
   Uses
      None
Comment: Image$$ER_IROM1$$ZI$$Limit unused
Image$$RW_IRAM1$$Base 00000000

Symbol: Image$$RW_IRAM1$$Base
   Definitions
      At line 74 in file startup_stm32l1xx_md.s
   Uses
      None
Comment: Image$$RW_IRAM1$$Base unused
Image$$RW_IRAM1$$Length 00000000

Symbol: Image$$RW_IRAM1$$Length
   Definitions
      At line 75 in file startup_stm32l1xx_md.s
   Uses
      None
Comment: Image$$RW_IRAM1$$Length unused
Image$$RW_IRAM1$$Limit 00000000

Symbol: Image$$RW_IRAM1$$Limit
   Definitions
      At line 76 in file startup_stm32l1xx_md.s
   Uses
      None
Comment: Image$$RW_IRAM1$$Limit unused
Image$$RW_IRAM1$$RO$$Base 00000000

Symbol: Image$$RW_IRAM1$$RO$$Base
   Definitions
      At line 78 in file startup_stm32l1xx_md.s
      At line 79 in file startup_stm32l1xx_md.s
   Uses
      None
Warning: Image$$RW_IRAM1$$RO$$Base multiply definedComment: Image$$RW_IRAM1$$RO
$$Base unused
Image$$RW_IRAM1$$RO$$Length 00000000

Symbol: Image$$RW_IRAM1$$RO$$Length
   Definitions
      At line 80 in file startup_stm32l1xx_md.s
   Uses
      None
Comment: Image$$RW_IRAM1$$RO$$Length unused
Image$$RW_IRAM1$$RW$$Base 00000000

Symbol: Image$$RW_IRAM1$$RW$$Base
   Definitions



ARM Macro Assembler    Page 3 Alphabetic symbol ordering
External symbols

      At line 82 in file startup_stm32l1xx_md.s
   Uses
      At line 202 in file startup_stm32l1xx_md.s
Comment: Image$$RW_IRAM1$$RW$$Base used once
Image$$RW_IRAM1$$RW$$Length 00000000

Symbol: Image$$RW_IRAM1$$RW$$Length
   Definitions
      At line 84 in file startup_stm32l1xx_md.s
   Uses
      None
Comment: Image$$RW_IRAM1$$RW$$Length unused
Image$$RW_IRAM1$$RW$$Limit 00000000

Symbol: Image$$RW_IRAM1$$RW$$Limit
   Definitions
      At line 83 in file startup_stm32l1xx_md.s
   Uses
      None
Comment: Image$$RW_IRAM1$$RW$$Limit unused
Image$$RW_IRAM1$$ZI$$Base 00000000

Symbol: Image$$RW_IRAM1$$ZI$$Base
   Definitions
      At line 86 in file startup_stm32l1xx_md.s
   Uses
      At line 203 in file startup_stm32l1xx_md.s
Comment: Image$$RW_IRAM1$$ZI$$Base used once
Image$$RW_IRAM1$$ZI$$Length 00000000

Symbol: Image$$RW_IRAM1$$ZI$$Length
   Definitions
      At line 88 in file startup_stm32l1xx_md.s
   Uses
      None
Comment: Image$$RW_IRAM1$$ZI$$Length unused
Image$$RW_IRAM1$$ZI$$Limit 00000000

Symbol: Image$$RW_IRAM1$$ZI$$Limit
   Definitions
      At line 87 in file startup_stm32l1xx_md.s
   Uses
      At line 210 in file startup_stm32l1xx_md.s
Comment: Image$$RW_IRAM1$$ZI$$Limit used once
Load$$ER_IROM1$$Base 00000000

Symbol: Load$$ER_IROM1$$Base
   Definitions
      At line 58 in file startup_stm32l1xx_md.s
   Uses
      None
Comment: Load$$ER_IROM1$$Base unused
Load$$RW_IRAM1$$Base 00000000

Symbol: Load$$RW_IRAM1$$Base
   Definitions
      At line 73 in file startup_stm32l1xx_md.s
   Uses
      None



ARM Macro Assembler    Page 4 Alphabetic symbol ordering
External symbols

Comment: Load$$RW_IRAM1$$Base unused
__main 00000000

Symbol: __main
   Definitions
      At line 192 in file startup_stm32l1xx_md.s
   Uses
      At line 217 in file startup_stm32l1xx_md.s
Comment: __main used once
23 symbols
434 symbols in table
